<?xml version="1.0" encoding="UTF-8"?>
<testsuite name="com.example.demo.TestMockitoCountriesController" tests="15" skipped="0" failures="0" errors="0" timestamp="2023-01-26T11:43:27" hostname="MacBook-Pro.localdomain" time="0.318">
  <properties/>
  <testcase name="deleteCountryNoException_WillReturnCorrectResponse(CapturedOutput)" classname="com.example.demo.TestMockitoCountriesController" time="0.058"/>
  <testcase name="getCountriesWithNameNoException_WillReturnCorrectResponse(CapturedOutput)" classname="com.example.demo.TestMockitoCountriesController" time="0.009"/>
  <testcase name="deleteCountryException_WillReturnCorrectResponse(CapturedOutput)" classname="com.example.demo.TestMockitoCountriesController" time="0.024"/>
  <testcase name="getCountriesOtherException_WillReturnCorrectResponse(CapturedOutput)" classname="com.example.demo.TestMockitoCountriesController" time="0.007"/>
  <testcase name="addCountryNoException_WillReturnCorrectResponse(CapturedOutput)" classname="com.example.demo.TestMockitoCountriesController" time="0.007"/>
  <testcase name="updateCountryNoException_WillReturnCorrectResponse(CapturedOutput)" classname="com.example.demo.TestMockitoCountriesController" time="0.007"/>
  <testcase name="getCountriesWithNameException_WillReturnCorrectResponse(CapturedOutput)" classname="com.example.demo.TestMockitoCountriesController" time="0.032"/>
  <testcase name="getCountriesTableEmpty_WillReturnCorrectResponse(CapturedOutput)" classname="com.example.demo.TestMockitoCountriesController" time="0.011"/>
  <testcase name="getCountriesDbDeletedWhileSpringRunning_WillReturnCorrectResponse(CapturedOutput)" classname="com.example.demo.TestMockitoCountriesController" time="0.006"/>
  <testcase name="getCountriesNoException_WillReturnCorrectResponse(CapturedOutput)" classname="com.example.demo.TestMockitoCountriesController" time="0.007"/>
  <testcase name="getCountriesDbExistTblNotExist_WillReturnCorrectResponse(CapturedOutput)" classname="com.example.demo.TestMockitoCountriesController" time="0.006"/>
  <testcase name="addCountryException_WillReturnCorrectResponse(CapturedOutput)" classname="com.example.demo.TestMockitoCountriesController" time="0.018"/>
  <testcase name="getCountriesWithIdException_WillReturnCorrectResponse(CapturedOutput)" classname="com.example.demo.TestMockitoCountriesController" time="0.023"/>
  <testcase name="getCountriesWithIdNoException_WillReturnCorrectResponse(CapturedOutput)" classname="com.example.demo.TestMockitoCountriesController" time="0.003"/>
  <testcase name="updateCountryException_WillReturnCorrectResponse(CapturedOutput)" classname="com.example.demo.TestMockitoCountriesController" time="0.033"/>
  <system-out><![CDATA[?[2m2023-01-26 18:43:27.062?[0;39m ?[32m INFO?[0;39m ?[35m64075?[0;39m ?[2m---?[0;39m ?[2m[    Test worker]?[0;39m ?[36m.b.t.c.SpringBootTestContextBootstrapper?[0;39m ?[2m:?[0;39m Neither @ContextConfiguration nor @ContextHierarchy found for test class [com.example.demo.TestMockitoCountriesController], using SpringBootContextLoader
?[2m2023-01-26 18:43:27.070?[0;39m ?[32m INFO?[0;39m ?[35m64075?[0;39m ?[2m---?[0;39m ?[2m[    Test worker]?[0;39m ?[36mo.s.t.c.support.AbstractContextLoader   ?[0;39m ?[2m:?[0;39m Could not detect default resource locations for test class [com.example.demo.TestMockitoCountriesController]: no resource found for suffixes {-context.xml, Context.groovy}.
?[2m2023-01-26 18:43:27.102?[0;39m ?[32m INFO?[0;39m ?[35m64075?[0;39m ?[2m---?[0;39m ?[2m[    Test worker]?[0;39m ?[36m.b.t.c.SpringBootTestContextBootstrapper?[0;39m ?[2m:?[0;39m Loaded default TestExecutionListener class names from location [META-INF/spring.factories]: [org.springframework.boot.test.autoconfigure.restdocs.RestDocsTestExecutionListener, org.springframework.boot.test.autoconfigure.web.client.MockRestServiceServerResetTestExecutionListener, org.springframework.boot.test.autoconfigure.web.servlet.MockMvcPrintOnlyOnFailureTestExecutionListener, org.springframework.boot.test.autoconfigure.web.servlet.WebDriverTestExecutionListener, org.springframework.boot.test.autoconfigure.webservices.client.MockWebServiceServerTestExecutionListener, org.springframework.boot.test.mock.mockito.MockitoTestExecutionListener, org.springframework.boot.test.mock.mockito.ResetMocksTestExecutionListener, org.springframework.test.context.web.ServletTestExecutionListener, org.springframework.test.context.support.DirtiesContextBeforeModesTestExecutionListener, org.springframework.test.context.event.ApplicationEventsTestExecutionListener, org.springframework.test.context.support.DependencyInjectionTestExecutionListener, org.springframework.test.context.support.DirtiesContextTestExecutionListener, org.springframework.test.context.transaction.TransactionalTestExecutionListener, org.springframework.test.context.jdbc.SqlScriptsTestExecutionListener, org.springframework.test.context.event.EventPublishingTestExecutionListener]
?[2m2023-01-26 18:43:27.104?[0;39m ?[32m INFO?[0;39m ?[35m64075?[0;39m ?[2m---?[0;39m ?[2m[    Test worker]?[0;39m ?[36m.b.t.c.SpringBootTestContextBootstrapper?[0;39m ?[2m:?[0;39m Using TestExecutionListeners: [org.springframework.test.context.web.ServletTestExecutionListener@63972697, org.springframework.test.context.support.DirtiesContextBeforeModesTestExecutionListener@75b05370, org.springframework.test.context.event.ApplicationEventsTestExecutionListener@3186d842, org.springframework.boot.test.mock.mockito.MockitoTestExecutionListener@31b7d7d0, org.springframework.boot.test.autoconfigure.SpringBootDependencyInjectionTestExecutionListener@6bcefcef, org.springframework.test.context.support.DirtiesContextTestExecutionListener@1c120935, org.springframework.test.context.transaction.TransactionalTestExecutionListener@1b51963d, org.springframework.test.context.jdbc.SqlScriptsTestExecutionListener@1457dbd0, org.springframework.test.context.event.EventPublishingTestExecutionListener@8626431, org.springframework.boot.test.autoconfigure.restdocs.RestDocsTestExecutionListener@4358fa9, org.springframework.boot.test.autoconfigure.web.client.MockRestServiceServerResetTestExecutionListener@13c2016c, org.springframework.boot.test.autoconfigure.web.servlet.MockMvcPrintOnlyOnFailureTestExecutionListener@3961c19f, org.springframework.boot.test.autoconfigure.web.servlet.WebDriverTestExecutionListener@22b9796e, org.springframework.boot.test.autoconfigure.webservices.client.MockWebServiceServerTestExecutionListener@ad9f257, org.springframework.boot.test.mock.mockito.ResetMocksTestExecutionListener@9935b01]
?[2m2023-01-26 18:43:27.640?[0;39m ?[33m WARN?[0;39m ?[35m64075?[0;39m ?[2m---?[0;39m ?[2m[    Test worker]?[0;39m ?[36mo.s.boot.system.ApplicationPid          ?[0;39m ?[2m:?[0;39m ManagementFactory.getRuntimeMXBean().getName() took 337 milliseconds to respond. This may be due to slow host name resolution. Please verify your network configuration (macOS machines may need to add entries to /etc/hosts).

  .   ____          _            __ _ _
 /\\ / ___'_ __ _ _(_)_ __  __ _ \ \ \ \
( ( )\___ | '_ | '_| | '_ \/ _` | \ \ \ \
 \\/  ___)| |_)| | | | | || (_| |  ) ) ) )
  '  |____| .__|_| |_|_| |_\__, | / / / /
 =========|_|==============|___/=/_/_/_/
?[32m :: Spring Boot :: ?[39m              ?[2m (v2.7.3)?[0;39m

?[2m2023-01-26 18:43:27.689?[0;39m ?[32m INFO?[0;39m ?[35m64075?[0;39m ?[2m---?[0;39m ?[2m[    Test worker]?[0;39m ?[36mc.e.demo.TestMockitoCountriesController ?[0;39m ?[2m:?[0;39m Starting TestMockitoCountriesController using Java 11.0.16 on Florentins-MacBook-Pro.local with PID 64075 (started by florentin.ap in /Users/florentin.ap/Documents/flo_learns_java/demo-springboot-database-v2)
?[2m2023-01-26 18:43:27.692?[0;39m ?[32m INFO?[0;39m ?[35m64075?[0;39m ?[2m---?[0;39m ?[2m[    Test worker]?[0;39m ?[36mc.e.demo.TestMockitoCountriesController ?[0;39m ?[2m:?[0;39m The following 1 profile is active: "dev"
?[2m2023-01-26 18:43:27.828?[0;39m ?[32m INFO?[0;39m ?[35m64075?[0;39m ?[2m---?[0;39m ?[2m[    Test worker]?[0;39m ?[36mc.e.demo.TestMockitoCountriesController ?[0;39m ?[2m:?[0;39m Started TestMockitoCountriesController in 0.717 seconds (JVM running for 8.052)
2023-01-26 18:43:27.893  INFO 64075 --- [    Test worker] c.c.d.d.controller.CountriesController   : [FLO] deleteCountry/{countryId} is called
2023-01-26 18:43:27.918  INFO 64075 --- [    Test worker] c.c.d.d.controller.CountriesController   : [FLO] /getCountries/countryName is called
2023-01-26 18:43:27.948  INFO 64075 --- [    Test worker] c.c.d.d.controller.CountriesController   : [FLO] deleteCountry/{countryId} is called
2023-01-26 18:43:27.957  INFO 64075 --- [    Test worker] c.c.d.d.controller.CountriesController   : [FLO] /getCountries is called
2023-01-26 18:43:27.958  INFO 64075 --- [    Test worker] c.c.d.d.controller.CountriesController   : [FLO] exception message is: java.lang.Exception
2023-01-26 18:43:27.967  INFO 64075 --- [    Test worker] c.c.d.d.controller.CountriesController   : [FLO] /addCountry is called
2023-01-26 18:43:27.977  INFO 64075 --- [    Test worker] c.c.d.d.controller.CountriesController   : [FLO] /updateCountry is called
2023-01-26 18:43:28.016  INFO 64075 --- [    Test worker] c.c.d.d.controller.CountriesController   : [FLO] /getCountries/countryName is called
2023-01-26 18:43:28.029  INFO 64075 --- [    Test worker] c.c.d.d.controller.CountriesController   : [FLO] /getCountries is called
2023-01-26 18:43:28.030  INFO 64075 --- [    Test worker] c.c.d.d.controller.CountriesController   : [FLO] response length is: 0
2023-01-26 18:43:28.031  INFO 64075 --- [    Test worker] c.c.d.d.controller.CountriesController   : [FLO] exception message is: com.countries.database.demo.exception.EmptyTableException: Data doesn't exist in table!!!
2023-01-26 18:43:28.040  INFO 64075 --- [    Test worker] c.c.d.d.controller.CountriesController   : [FLO] /getCountries is called
2023-01-26 18:43:28.040  INFO 64075 --- [    Test worker] c.c.d.d.controller.CountriesController   : [FLO] exception message is: org.springframework.transaction.CannotCreateTransactionException: 
2023-01-26 18:43:28.051  INFO 64075 --- [    Test worker] c.c.d.d.controller.CountriesController   : [FLO] /getCountries is called
2023-01-26 18:43:28.051  INFO 64075 --- [    Test worker] c.c.d.d.controller.CountriesController   : [FLO] response length is: 2
2023-01-26 18:43:28.059  INFO 64075 --- [    Test worker] c.c.d.d.controller.CountriesController   : [FLO] /getCountries is called
2023-01-26 18:43:28.060  INFO 64075 --- [    Test worker] c.c.d.d.controller.CountriesController   : [FLO] exception message is: org.springframework.dao.InvalidDataAccessResourceUsageException: 
2023-01-26 18:43:28.083  INFO 64075 --- [    Test worker] c.c.d.d.controller.CountriesController   : [FLO] /addCountry is called
2023-01-26 18:43:28.108  INFO 64075 --- [    Test worker] c.c.d.d.controller.CountriesController   : [FLO] /getCountries/{countryId} is called
2023-01-26 18:43:28.119  INFO 64075 --- [    Test worker] c.c.d.d.controller.CountriesController   : [FLO] /getCountries/{countryId} is called
2023-01-26 18:43:28.152  INFO 64075 --- [    Test worker] c.c.d.d.controller.CountriesController   : [FLO] /updateCountry is called
]]></system-out>
  <system-err><![CDATA[]]></system-err>
</testsuite>
