<?xml version="1.0" encoding="UTF-8"?>
<testsuite name="com.example.demo.TestMockitoCountriesController" tests="15" skipped="0" failures="0" errors="0" timestamp="2023-01-26T12:03:05" hostname="MacBook-Pro.localdomain" time="0.059">
  <properties/>
  <testcase name="deleteCountryNoException_WillReturnCorrectResponse(CapturedOutput)" classname="com.example.demo.TestMockitoCountriesController" time="0.006"/>
  <testcase name="getCountriesWithNameNoException_WillReturnCorrectResponse(CapturedOutput)" classname="com.example.demo.TestMockitoCountriesController" time="0.001"/>
  <testcase name="deleteCountryException_WillReturnCorrectResponse(CapturedOutput)" classname="com.example.demo.TestMockitoCountriesController" time="0.008"/>
  <testcase name="getCountriesOtherException_WillReturnCorrectResponse(CapturedOutput)" classname="com.example.demo.TestMockitoCountriesController" time="0.002"/>
  <testcase name="addCountryNoException_WillReturnCorrectResponse(CapturedOutput)" classname="com.example.demo.TestMockitoCountriesController" time="0.001"/>
  <testcase name="updateCountryNoException_WillReturnCorrectResponse(CapturedOutput)" classname="com.example.demo.TestMockitoCountriesController" time="0.001"/>
  <testcase name="getCountriesWithNameException_WillReturnCorrectResponse(CapturedOutput)" classname="com.example.demo.TestMockitoCountriesController" time="0.006"/>
  <testcase name="getCountriesTableEmpty_WillReturnCorrectResponse(CapturedOutput)" classname="com.example.demo.TestMockitoCountriesController" time="0.001"/>
  <testcase name="getCountriesDbDeletedWhileSpringRunning_WillReturnCorrectResponse(CapturedOutput)" classname="com.example.demo.TestMockitoCountriesController" time="0.001"/>
  <testcase name="getCountriesNoException_WillReturnCorrectResponse(CapturedOutput)" classname="com.example.demo.TestMockitoCountriesController" time="0.001"/>
  <testcase name="getCountriesDbExistTblNotExist_WillReturnCorrectResponse(CapturedOutput)" classname="com.example.demo.TestMockitoCountriesController" time="0.001"/>
  <testcase name="addCountryException_WillReturnCorrectResponse(CapturedOutput)" classname="com.example.demo.TestMockitoCountriesController" time="0.005"/>
  <testcase name="getCountriesWithIdException_WillReturnCorrectResponse(CapturedOutput)" classname="com.example.demo.TestMockitoCountriesController" time="0.009"/>
  <testcase name="getCountriesWithIdNoException_WillReturnCorrectResponse(CapturedOutput)" classname="com.example.demo.TestMockitoCountriesController" time="0.001"/>
  <testcase name="updateCountryException_WillReturnCorrectResponse(CapturedOutput)" classname="com.example.demo.TestMockitoCountriesController" time="0.005"/>
  <system-out><![CDATA[?[2m2023-01-26 19:03:05.690?[0;39m ?[32m INFO?[0;39m ?[35m64680?[0;39m ?[2m---?[0;39m ?[2m[    Test worker]?[0;39m ?[36m.b.t.c.SpringBootTestContextBootstrapper?[0;39m ?[2m:?[0;39m Neither @ContextConfiguration nor @ContextHierarchy found for test class [com.example.demo.TestMockitoCountriesController], using SpringBootContextLoader
?[2m2023-01-26 19:03:05.691?[0;39m ?[32m INFO?[0;39m ?[35m64680?[0;39m ?[2m---?[0;39m ?[2m[    Test worker]?[0;39m ?[36mo.s.t.c.support.AbstractContextLoader   ?[0;39m ?[2m:?[0;39m Could not detect default resource locations for test class [com.example.demo.TestMockitoCountriesController]: no resource found for suffixes {-context.xml, Context.groovy}.
?[2m2023-01-26 19:03:05.692?[0;39m ?[32m INFO?[0;39m ?[35m64680?[0;39m ?[2m---?[0;39m ?[2m[    Test worker]?[0;39m ?[36m.b.t.c.SpringBootTestContextBootstrapper?[0;39m ?[2m:?[0;39m Loaded default TestExecutionListener class names from location [META-INF/spring.factories]: [org.springframework.boot.test.autoconfigure.restdocs.RestDocsTestExecutionListener, org.springframework.boot.test.autoconfigure.web.client.MockRestServiceServerResetTestExecutionListener, org.springframework.boot.test.autoconfigure.web.servlet.MockMvcPrintOnlyOnFailureTestExecutionListener, org.springframework.boot.test.autoconfigure.web.servlet.WebDriverTestExecutionListener, org.springframework.boot.test.autoconfigure.webservices.client.MockWebServiceServerTestExecutionListener, org.springframework.boot.test.mock.mockito.MockitoTestExecutionListener, org.springframework.boot.test.mock.mockito.ResetMocksTestExecutionListener, org.springframework.test.context.web.ServletTestExecutionListener, org.springframework.test.context.support.DirtiesContextBeforeModesTestExecutionListener, org.springframework.test.context.event.ApplicationEventsTestExecutionListener, org.springframework.test.context.support.DependencyInjectionTestExecutionListener, org.springframework.test.context.support.DirtiesContextTestExecutionListener, org.springframework.test.context.transaction.TransactionalTestExecutionListener, org.springframework.test.context.jdbc.SqlScriptsTestExecutionListener, org.springframework.test.context.event.EventPublishingTestExecutionListener]
?[2m2023-01-26 19:03:05.692?[0;39m ?[32m INFO?[0;39m ?[35m64680?[0;39m ?[2m---?[0;39m ?[2m[    Test worker]?[0;39m ?[36m.b.t.c.SpringBootTestContextBootstrapper?[0;39m ?[2m:?[0;39m Using TestExecutionListeners: [org.springframework.test.context.web.ServletTestExecutionListener@3577fd9b, org.springframework.test.context.support.DirtiesContextBeforeModesTestExecutionListener@76140ca5, org.springframework.test.context.event.ApplicationEventsTestExecutionListener@47b5c247, org.springframework.boot.test.mock.mockito.MockitoTestExecutionListener@4057eb76, org.springframework.boot.test.autoconfigure.SpringBootDependencyInjectionTestExecutionListener@4ac64dc2, org.springframework.test.context.support.DirtiesContextTestExecutionListener@1c61011b, org.springframework.test.context.transaction.TransactionalTestExecutionListener@75af5f2a, org.springframework.test.context.jdbc.SqlScriptsTestExecutionListener@adc06b2, org.springframework.test.context.event.EventPublishingTestExecutionListener@728cf276, org.springframework.boot.test.autoconfigure.restdocs.RestDocsTestExecutionListener@66f15ce5, org.springframework.boot.test.autoconfigure.web.client.MockRestServiceServerResetTestExecutionListener@69a8191e, org.springframework.boot.test.autoconfigure.web.servlet.MockMvcPrintOnlyOnFailureTestExecutionListener@3ab7b0f, org.springframework.boot.test.autoconfigure.web.servlet.WebDriverTestExecutionListener@1621264e, org.springframework.boot.test.autoconfigure.webservices.client.MockWebServiceServerTestExecutionListener@7a5b561b, org.springframework.boot.test.mock.mockito.ResetMocksTestExecutionListener@5392c0a7]

  .   ____          _            __ _ _
 /\\ / ___'_ __ _ _(_)_ __  __ _ \ \ \ \
( ( )\___ | '_ | '_| | '_ \/ _` | \ \ \ \
 \\/  ___)| |_)| | | | | || (_| |  ) ) ) )
  '  |____| .__|_| |_|_| |_\__, | / / / /
 =========|_|==============|___/=/_/_/_/
?[32m :: Spring Boot :: ?[39m              ?[2m (v2.7.3)?[0;39m

?[2m2023-01-26 19:03:05.703?[0;39m ?[32m INFO?[0;39m ?[35m64680?[0;39m ?[2m---?[0;39m ?[2m[    Test worker]?[0;39m ?[36mc.e.demo.TestMockitoCountriesController ?[0;39m ?[2m:?[0;39m Starting TestMockitoCountriesController using Java 17.0.5 on Florentins-MacBook-Pro.local with PID 64680 (started by florentin.ap in /Users/florentin.ap/Documents/flo_learns_java/demo-springboot-database-v2)
?[2m2023-01-26 19:03:05.703?[0;39m ?[32m INFO?[0;39m ?[35m64680?[0;39m ?[2m---?[0;39m ?[2m[    Test worker]?[0;39m ?[36mc.e.demo.TestMockitoCountriesController ?[0;39m ?[2m:?[0;39m The following 1 profile is active: "dev"
?[2m2023-01-26 19:03:05.708?[0;39m ?[32m INFO?[0;39m ?[35m64680?[0;39m ?[2m---?[0;39m ?[2m[    Test worker]?[0;39m ?[36mc.e.demo.TestMockitoCountriesController ?[0;39m ?[2m:?[0;39m Started TestMockitoCountriesController in 0.015 seconds (JVM running for 2.185)
2023-01-26 19:03:05.715  INFO 64680 --- [    Test worker] c.c.d.d.controller.CountriesController   : [FLO] deleteCountry/{countryId} is called
2023-01-26 19:03:05.717  INFO 64680 --- [    Test worker] c.c.d.d.controller.CountriesController   : [FLO] /getCountries/countryName is called
2023-01-26 19:03:05.725  INFO 64680 --- [    Test worker] c.c.d.d.controller.CountriesController   : [FLO] deleteCountry/{countryId} is called
2023-01-26 19:03:05.728  INFO 64680 --- [    Test worker] c.c.d.d.controller.CountriesController   : [FLO] /getCountries is called
2023-01-26 19:03:05.728  INFO 64680 --- [    Test worker] c.c.d.d.controller.CountriesController   : [FLO] exception message is: java.lang.Exception
2023-01-26 19:03:05.730  INFO 64680 --- [    Test worker] c.c.d.d.controller.CountriesController   : [FLO] /addCountry is called
2023-01-26 19:03:05.731  INFO 64680 --- [    Test worker] c.c.d.d.controller.CountriesController   : [FLO] /updateCountry is called
2023-01-26 19:03:05.738  INFO 64680 --- [    Test worker] c.c.d.d.controller.CountriesController   : [FLO] /getCountries/countryName is called
2023-01-26 19:03:05.740  INFO 64680 --- [    Test worker] c.c.d.d.controller.CountriesController   : [FLO] /getCountries is called
2023-01-26 19:03:05.740  INFO 64680 --- [    Test worker] c.c.d.d.controller.CountriesController   : [FLO] response length is: 0
2023-01-26 19:03:05.740  INFO 64680 --- [    Test worker] c.c.d.d.controller.CountriesController   : [FLO] exception message is: com.countries.database.demo.exception.EmptyTableException: Data doesn't exist in table!!!
2023-01-26 19:03:05.741  INFO 64680 --- [    Test worker] c.c.d.d.controller.CountriesController   : [FLO] /getCountries is called
2023-01-26 19:03:05.741  INFO 64680 --- [    Test worker] c.c.d.d.controller.CountriesController   : [FLO] exception message is: org.springframework.transaction.CannotCreateTransactionException: 
2023-01-26 19:03:05.743  INFO 64680 --- [    Test worker] c.c.d.d.controller.CountriesController   : [FLO] /getCountries is called
2023-01-26 19:03:05.743  INFO 64680 --- [    Test worker] c.c.d.d.controller.CountriesController   : [FLO] response length is: 2
2023-01-26 19:03:05.744  INFO 64680 --- [    Test worker] c.c.d.d.controller.CountriesController   : [FLO] /getCountries is called
2023-01-26 19:03:05.745  INFO 64680 --- [    Test worker] c.c.d.d.controller.CountriesController   : [FLO] exception message is: org.springframework.dao.InvalidDataAccessResourceUsageException: 
2023-01-26 19:03:05.751  INFO 64680 --- [    Test worker] c.c.d.d.controller.CountriesController   : [FLO] /addCountry is called
2023-01-26 19:03:05.760  INFO 64680 --- [    Test worker] c.c.d.d.controller.CountriesController   : [FLO] /getCountries/{countryId} is called
2023-01-26 19:03:05.762  INFO 64680 --- [    Test worker] c.c.d.d.controller.CountriesController   : [FLO] /getCountries/{countryId} is called
2023-01-26 19:03:05.769  INFO 64680 --- [    Test worker] c.c.d.d.controller.CountriesController   : [FLO] /updateCountry is called
]]></system-out>
  <system-err><![CDATA[]]></system-err>
</testsuite>
