<?xml version="1.0" encoding="UTF-8"?>
<testsuite name="com.example.demo.TestMockMvcCountriesController" tests="15" skipped="0" failures="0" errors="0" timestamp="2023-01-26T11:43:25" hostname="MacBook-Pro.localdomain" time="1.951">
  <properties/>
  <testcase name="deleteCountryNoException_WillReturnCorrectResponse(CapturedOutput)" classname="com.example.demo.TestMockMvcCountriesController" time="0.621"/>
  <testcase name="getCountriesWithNameNoException_WillReturnCorrectResponse(CapturedOutput)" classname="com.example.demo.TestMockMvcCountriesController" time="0.063"/>
  <testcase name="deleteCountryException_WillReturnCorrectResponse(CapturedOutput)" classname="com.example.demo.TestMockMvcCountriesController" time="0.047"/>
  <testcase name="getCountriesOtherException_WillReturnCorrectResponse(CapturedOutput)" classname="com.example.demo.TestMockMvcCountriesController" time="0.042"/>
  <testcase name="addCountryNoException_WillReturnCorrectResponse(CapturedOutput)" classname="com.example.demo.TestMockMvcCountriesController" time="0.192"/>
  <testcase name="updateCountryNoException_WillReturnCorrectResponse(CapturedOutput)" classname="com.example.demo.TestMockMvcCountriesController" time="0.049"/>
  <testcase name="getCountriesWithNameException_WillReturnCorrectResponse(CapturedOutput)" classname="com.example.demo.TestMockMvcCountriesController" time="0.161"/>
  <testcase name="getCountriesTableEmpty_WillReturnCorrectResponse(CapturedOutput)" classname="com.example.demo.TestMockMvcCountriesController" time="0.109"/>
  <testcase name="getCountriesDbDeletedWhileSpringRunning_WillReturnCorrectResponse(CapturedOutput)" classname="com.example.demo.TestMockMvcCountriesController" time="0.035"/>
  <testcase name="getCountriesNoException_WillReturnCorrectResponse(CapturedOutput)" classname="com.example.demo.TestMockMvcCountriesController" time="0.12"/>
  <testcase name="getCountriesDbExistTblNotExist_WillReturnCorrectResponse(CapturedOutput)" classname="com.example.demo.TestMockMvcCountriesController" time="0.075"/>
  <testcase name="addCountryException_WillReturnCorrectResponse(CapturedOutput)" classname="com.example.demo.TestMockMvcCountriesController" time="0.114"/>
  <testcase name="getCountriesWithIdException_WillReturnCorrectResponse(CapturedOutput)" classname="com.example.demo.TestMockMvcCountriesController" time="0.083"/>
  <testcase name="getCountriesWithIdNoException_WillReturnCorrectResponse(CapturedOutput)" classname="com.example.demo.TestMockMvcCountriesController" time="0.056"/>
  <testcase name="updateCountryException_WillReturnCorrectResponse(CapturedOutput)" classname="com.example.demo.TestMockMvcCountriesController" time="0.073"/>
  <system-out><![CDATA[18:43:21.748 [Test worker] DEBUG org.springframework.test.context.BootstrapUtils - Instantiating CacheAwareContextLoaderDelegate from class [org.springframework.test.context.cache.DefaultCacheAwareContextLoaderDelegate]
18:43:21.778 [Test worker] DEBUG org.springframework.test.context.BootstrapUtils - Instantiating BootstrapContext using constructor [public org.springframework.test.context.support.DefaultBootstrapContext(java.lang.Class,org.springframework.test.context.CacheAwareContextLoaderDelegate)]
18:43:21.910 [Test worker] DEBUG org.springframework.test.context.BootstrapUtils - Instantiating TestContextBootstrapper for test class [com.example.demo.TestMockMvcCountriesController] from class [org.springframework.boot.test.context.SpringBootTestContextBootstrapper]
18:43:21.940 [Test worker] INFO org.springframework.boot.test.context.SpringBootTestContextBootstrapper - Neither @ContextConfiguration nor @ContextHierarchy found for test class [com.example.demo.TestMockMvcCountriesController], using SpringBootContextLoader
18:43:21.950 [Test worker] DEBUG org.springframework.test.context.support.AbstractContextLoader - Did not detect default resource location for test class [com.example.demo.TestMockMvcCountriesController]: class path resource [com/example/demo/TestMockMvcCountriesController-context.xml] does not exist
18:43:21.951 [Test worker] DEBUG org.springframework.test.context.support.AbstractContextLoader - Did not detect default resource location for test class [com.example.demo.TestMockMvcCountriesController]: class path resource [com/example/demo/TestMockMvcCountriesControllerContext.groovy] does not exist
18:43:21.951 [Test worker] INFO org.springframework.test.context.support.AbstractContextLoader - Could not detect default resource locations for test class [com.example.demo.TestMockMvcCountriesController]: no resource found for suffixes {-context.xml, Context.groovy}.
18:43:22.066 [Test worker] DEBUG org.springframework.test.context.support.ActiveProfilesUtils - Could not find an 'annotation declaring class' for annotation type [org.springframework.test.context.ActiveProfiles] and class [com.example.demo.TestMockMvcCountriesController]
18:43:22.276 [Test worker] DEBUG org.springframework.boot.test.context.SpringBootTestContextBootstrapper - @TestExecutionListeners is not present for class [com.example.demo.TestMockMvcCountriesController]: using defaults.
18:43:22.277 [Test worker] INFO org.springframework.boot.test.context.SpringBootTestContextBootstrapper - Loaded default TestExecutionListener class names from location [META-INF/spring.factories]: [org.springframework.boot.test.autoconfigure.restdocs.RestDocsTestExecutionListener, org.springframework.boot.test.autoconfigure.web.client.MockRestServiceServerResetTestExecutionListener, org.springframework.boot.test.autoconfigure.web.servlet.MockMvcPrintOnlyOnFailureTestExecutionListener, org.springframework.boot.test.autoconfigure.web.servlet.WebDriverTestExecutionListener, org.springframework.boot.test.autoconfigure.webservices.client.MockWebServiceServerTestExecutionListener, org.springframework.boot.test.mock.mockito.MockitoTestExecutionListener, org.springframework.boot.test.mock.mockito.ResetMocksTestExecutionListener, org.springframework.test.context.web.ServletTestExecutionListener, org.springframework.test.context.support.DirtiesContextBeforeModesTestExecutionListener, org.springframework.test.context.event.ApplicationEventsTestExecutionListener, org.springframework.test.context.support.DependencyInjectionTestExecutionListener, org.springframework.test.context.support.DirtiesContextTestExecutionListener, org.springframework.test.context.transaction.TransactionalTestExecutionListener, org.springframework.test.context.jdbc.SqlScriptsTestExecutionListener, org.springframework.test.context.event.EventPublishingTestExecutionListener]
18:43:22.293 [Test worker] INFO org.springframework.boot.test.context.SpringBootTestContextBootstrapper - Using TestExecutionListeners: [org.springframework.test.context.web.ServletTestExecutionListener@7845ee8a, org.springframework.test.context.support.DirtiesContextBeforeModesTestExecutionListener@5f35370b, org.springframework.test.context.event.ApplicationEventsTestExecutionListener@16c8e9b8, org.springframework.boot.test.mock.mockito.MockitoTestExecutionListener@7030b74c, org.springframework.boot.test.autoconfigure.SpringBootDependencyInjectionTestExecutionListener@27d6267e, org.springframework.test.context.support.DirtiesContextTestExecutionListener@512dc0e0, org.springframework.test.context.transaction.TransactionalTestExecutionListener@f96654, org.springframework.test.context.jdbc.SqlScriptsTestExecutionListener@75063bd0, org.springframework.test.context.event.EventPublishingTestExecutionListener@637506d8, org.springframework.boot.test.autoconfigure.restdocs.RestDocsTestExecutionListener@5c60f096, org.springframework.boot.test.autoconfigure.web.client.MockRestServiceServerResetTestExecutionListener@1760e688, org.springframework.boot.test.autoconfigure.web.servlet.MockMvcPrintOnlyOnFailureTestExecutionListener@53fc870f, org.springframework.boot.test.autoconfigure.web.servlet.WebDriverTestExecutionListener@18f4086e, org.springframework.boot.test.autoconfigure.webservices.client.MockWebServiceServerTestExecutionListener@43cbafa6, org.springframework.boot.test.mock.mockito.ResetMocksTestExecutionListener@538f45f1]
18:43:22.300 [Test worker] DEBUG org.springframework.test.context.support.AbstractDirtiesContextTestExecutionListener - Before test class: context [DefaultTestContext@dd07be8 testClass = TestMockMvcCountriesController, testInstance = [null], testMethod = [null], testException = [null], mergedContextConfiguration = [WebMergedContextConfiguration@7b8fcdf2 testClass = TestMockMvcCountriesController, locations = '{}', classes = '{class com.countries.database.demo.controller.CountriesController}', contextInitializerClasses = '[]', activeProfiles = '{}', propertySourceLocations = '{}', propertySourceProperties = '{org.springframework.boot.test.context.SpringBootTestContextBootstrapper=true}', contextCustomizers = set[org.springframework.boot.test.autoconfigure.actuate.metrics.MetricsExportContextCustomizerFactory$DisableMetricExportContextCustomizer@7e3ee128, org.springframework.boot.test.autoconfigure.properties.PropertyMappingContextCustomizer@4b3fa0b3, org.springframework.boot.test.autoconfigure.web.servlet.WebDriverContextCustomizerFactory$Customizer@66715ca9, [ImportsContextCustomizer@54d2f5d3 key = [org.springframework.boot.test.autoconfigure.web.servlet.MockMvcAutoConfiguration, org.springframework.boot.test.autoconfigure.web.servlet.MockMvcWebClientAutoConfiguration, org.springframework.boot.test.autoconfigure.web.servlet.MockMvcWebDriverAutoConfiguration, org.springframework.boot.autoconfigure.security.oauth2.client.servlet.OAuth2ClientAutoConfiguration, org.springframework.boot.autoconfigure.security.oauth2.resource.servlet.OAuth2ResourceServerAutoConfiguration, org.springframework.boot.autoconfigure.security.servlet.SecurityAutoConfiguration, org.springframework.boot.autoconfigure.security.servlet.SecurityFilterAutoConfiguration, org.springframework.boot.autoconfigure.security.servlet.UserDetailsServiceAutoConfiguration, org.springframework.boot.test.autoconfigure.web.servlet.MockMvcSecurityConfiguration, org.springframework.boot.test.autoconfigure.web.reactive.WebTestClientAutoConfiguration]], org.springframework.boot.test.context.filter.ExcludeFilterContextCustomizer@4afcae7, org.springframework.boot.test.json.DuplicateJsonObjectContextCustomizerFactory$DuplicateJsonObjectContextCustomizer@5df2023c, org.springframework.boot.test.mock.mockito.MockitoContextCustomizer@0, org.springframework.boot.test.web.client.TestRestTemplateContextCustomizer@54defd69, org.springframework.boot.test.context.SpringBootTestArgs@1, org.springframework.boot.test.context.SpringBootTestWebEnvironment@5633ed82], resourceBasePath = 'src/main/webapp', contextLoader = 'org.springframework.boot.test.context.SpringBootContextLoader', parent = [null]], attributes = map['org.springframework.test.context.web.ServletTestExecutionListener.activateListener' -> true]], class annotated with @DirtiesContext [false] with mode [null].

  .   ____          _            __ _ _
 /\\ / ___'_ __ _ _(_)_ __  __ _ \ \ \ \
( ( )\___ | '_ | '_| | '_ \/ _` | \ \ \ \
 \\/  ___)| |_)| | | | | || (_| |  ) ) ) )
  '  |____| .__|_| |_|_| |_\__, | / / / /
 =========|_|==============|___/=/_/_/_/
?[32m :: Spring Boot :: ?[39m              ?[2m (v2.7.3)?[0;39m

?[2m2023-01-26 18:43:23.037?[0;39m ?[32m INFO?[0;39m ?[35m64075?[0;39m ?[2m---?[0;39m ?[2m[    Test worker]?[0;39m ?[36mc.e.demo.TestMockMvcCountriesController ?[0;39m ?[2m:?[0;39m Starting TestMockMvcCountriesController using Java 11.0.16 on Florentins-MacBook-Pro.local with PID 64075 (started by florentin.ap in /Users/florentin.ap/Documents/flo_learns_java/demo-springboot-database-v2)
?[2m2023-01-26 18:43:23.041?[0;39m ?[32m INFO?[0;39m ?[35m64075?[0;39m ?[2m---?[0;39m ?[2m[    Test worker]?[0;39m ?[36mc.e.demo.TestMockMvcCountriesController ?[0;39m ?[2m:?[0;39m The following 1 profile is active: "dev"
?[2m2023-01-26 18:43:23.864?[0;39m ?[32m INFO?[0;39m ?[35m64075?[0;39m ?[2m---?[0;39m ?[2m[    Test worker]?[0;39m ?[36mo.s.b.t.m.w.SpringBootMockServletContext?[0;39m ?[2m:?[0;39m Initializing Spring TestDispatcherServlet ''
?[2m2023-01-26 18:43:23.864?[0;39m ?[32m INFO?[0;39m ?[35m64075?[0;39m ?[2m---?[0;39m ?[2m[    Test worker]?[0;39m ?[36mo.s.t.web.servlet.TestDispatcherServlet ?[0;39m ?[2m:?[0;39m Initializing Servlet ''
?[2m2023-01-26 18:43:24.223?[0;39m ?[32m INFO?[0;39m ?[35m64075?[0;39m ?[2m---?[0;39m ?[2m[    Test worker]?[0;39m ?[36mo.s.t.web.servlet.TestDispatcherServlet ?[0;39m ?[2m:?[0;39m Completed initialization in 358 ms
?[2m2023-01-26 18:43:24.303?[0;39m ?[32m INFO?[0;39m ?[35m64075?[0;39m ?[2m---?[0;39m ?[2m[    Test worker]?[0;39m ?[36mc.e.demo.TestMockMvcCountriesController ?[0;39m ?[2m:?[0;39m Started TestMockMvcCountriesController in 1.954 seconds (JVM running for 4.53)
2023-01-26 18:43:25.170  INFO 64075 --- [    Test worker] o.s.mock.web.MockServletContext          : Initializing Spring TestDispatcherServlet ''
2023-01-26 18:43:25.171  INFO 64075 --- [    Test worker] o.s.t.web.servlet.TestDispatcherServlet  : Initializing Servlet ''
2023-01-26 18:43:25.172  INFO 64075 --- [    Test worker] o.s.t.web.servlet.TestDispatcherServlet  : Completed initialization in 0 ms
2023-01-26 18:43:25.476  INFO 64075 --- [    Test worker] c.c.d.d.controller.CountriesController   : [FLO] deleteCountry/{countryId} is called

MockHttpServletRequest:
      HTTP Method = DELETE
      Request URI = /deleteCountry/-1188957731
       Parameters = {}
          Headers = []
             Body = <no character encoding set>
    Session Attrs = {}

Handler:
             Type = com.countries.database.demo.controller.CountriesController
           Method = com.countries.database.demo.controller.CountriesController#deleteCountry(Integer)

Async:
    Async started = false
     Async result = null

Resolved Exception:
             Type = null

ModelAndView:
        View name = null
             View = null
            Model = null

FlashMap:
       Attributes = null

MockHttpServletResponse:
           Status = 200
    Error message = null
          Headers = [Content-Type:"application/json"]
     Content type = application/json
             Body = {"msg":"Country deleted"}
    Forwarded URL = null
   Redirected URL = null
          Cookies = []
2023-01-26 18:43:25.736  INFO 64075 --- [    Test worker] o.s.mock.web.MockServletContext          : Initializing Spring TestDispatcherServlet ''
2023-01-26 18:43:25.737  INFO 64075 --- [    Test worker] o.s.t.web.servlet.TestDispatcherServlet  : Initializing Servlet ''
2023-01-26 18:43:25.737  INFO 64075 --- [    Test worker] o.s.t.web.servlet.TestDispatcherServlet  : Completed initialization in 0 ms
2023-01-26 18:43:25.764  INFO 64075 --- [    Test worker] c.c.d.d.controller.CountriesController   : [FLO] /getCountries/countryName is called

MockHttpServletRequest:
      HTTP Method = GET
      Request URI = /v0/getCountries/countryName
       Parameters = {name=[Cambodia]}
          Headers = []
             Body = <no character encoding set>
    Session Attrs = {}

Handler:
             Type = com.countries.database.demo.controller.CountriesController
           Method = com.countries.database.demo.controller.CountriesController#getCountriesWithName(String)

Async:
    Async started = false
     Async result = null

Resolved Exception:
             Type = null

ModelAndView:
        View name = null
             View = null
            Model = null

FlashMap:
       Attributes = null

MockHttpServletResponse:
           Status = 200
    Error message = null
          Headers = [Content-Type:"application/json"]
     Content type = application/json
             Body = {"id":1,"countryName":"Cambodia","capital":"Phnom Penh"}
    Forwarded URL = null
   Redirected URL = null
          Cookies = []
2023-01-26 18:43:25.797  INFO 64075 --- [    Test worker] o.s.mock.web.MockServletContext          : Initializing Spring TestDispatcherServlet ''
2023-01-26 18:43:25.798  INFO 64075 --- [    Test worker] o.s.t.web.servlet.TestDispatcherServlet  : Initializing Servlet ''
2023-01-26 18:43:25.798  INFO 64075 --- [    Test worker] o.s.t.web.servlet.TestDispatcherServlet  : Completed initialization in 0 ms
2023-01-26 18:43:25.819  INFO 64075 --- [    Test worker] c.c.d.d.controller.CountriesController   : [FLO] deleteCountry/{countryId} is called

MockHttpServletRequest:
      HTTP Method = DELETE
      Request URI = /deleteCountry/-1188957731
       Parameters = {}
          Headers = []
             Body = <no character encoding set>
    Session Attrs = {}

Handler:
             Type = com.countries.database.demo.controller.CountriesController
           Method = com.countries.database.demo.controller.CountriesController#deleteCountry(Integer)

Async:
    Async started = false
     Async result = null

Resolved Exception:
             Type = null

ModelAndView:
        View name = null
             View = null
            Model = null

FlashMap:
       Attributes = null

MockHttpServletResponse:
           Status = 409
    Error message = null
          Headers = []
     Content type = null
             Body = 
    Forwarded URL = null
   Redirected URL = null
          Cookies = []
2023-01-26 18:43:25.847  INFO 64075 --- [    Test worker] o.s.mock.web.MockServletContext          : Initializing Spring TestDispatcherServlet ''
2023-01-26 18:43:25.847  INFO 64075 --- [    Test worker] o.s.t.web.servlet.TestDispatcherServlet  : Initializing Servlet ''
2023-01-26 18:43:25.848  INFO 64075 --- [    Test worker] o.s.t.web.servlet.TestDispatcherServlet  : Completed initialization in 1 ms
2023-01-26 18:43:25.849  INFO 64075 --- [    Test worker] c.c.d.d.controller.CountriesController   : [FLO] /getCountries is called
2023-01-26 18:43:25.859  INFO 64075 --- [    Test worker] c.c.d.d.controller.CountriesController   : [FLO] exception message is: java.lang.Exception

MockHttpServletRequest:
      HTTP Method = GET
      Request URI = /v0/getCountries
       Parameters = {}
          Headers = []
             Body = <no character encoding set>
    Session Attrs = {}

Handler:
             Type = com.countries.database.demo.controller.CountriesController
           Method = com.countries.database.demo.controller.CountriesController#getCountries()

Async:
    Async started = false
     Async result = null

Resolved Exception:
             Type = null

ModelAndView:
        View name = null
             View = null
            Model = null

FlashMap:
       Attributes = null

MockHttpServletResponse:
           Status = 418
    Error message = null
          Headers = []
     Content type = null
             Body = 
    Forwarded URL = null
   Redirected URL = null
          Cookies = []
2023-01-26 18:43:25.891  INFO 64075 --- [    Test worker] o.s.mock.web.MockServletContext          : Initializing Spring TestDispatcherServlet ''
2023-01-26 18:43:25.892  INFO 64075 --- [    Test worker] o.s.t.web.servlet.TestDispatcherServlet  : Initializing Servlet ''
2023-01-26 18:43:25.892  INFO 64075 --- [    Test worker] o.s.t.web.servlet.TestDispatcherServlet  : Completed initialization in 0 ms
2023-01-26 18:43:26.054  INFO 64075 --- [    Test worker] c.c.d.d.controller.CountriesController   : [FLO] /addCountry is called

MockHttpServletRequest:
      HTTP Method = POST
      Request URI = /addCountry
       Parameters = {}
          Headers = [Content-Type:"application/json;charset=UTF-8", Content-Length:"56"]
             Body = {"id":0,"countryName":"Cambodia","capital":"Phnom Penh"}
    Session Attrs = {}

Handler:
             Type = com.countries.database.demo.controller.CountriesController
           Method = com.countries.database.demo.controller.CountriesController#addCountry(Country)

Async:
    Async started = false
     Async result = null

Resolved Exception:
             Type = null

ModelAndView:
        View name = null
             View = null
            Model = null

FlashMap:
       Attributes = null

MockHttpServletResponse:
           Status = 200
    Error message = null
          Headers = [Content-Type:"application/json"]
     Content type = application/json
             Body = {"id":1,"countryName":"Cambodia","capital":"Phnom Penh"}
    Forwarded URL = null
   Redirected URL = null
          Cookies = []
2023-01-26 18:43:26.105  INFO 64075 --- [    Test worker] o.s.mock.web.MockServletContext          : Initializing Spring TestDispatcherServlet ''
2023-01-26 18:43:26.107  INFO 64075 --- [    Test worker] o.s.t.web.servlet.TestDispatcherServlet  : Initializing Servlet ''
2023-01-26 18:43:26.107  INFO 64075 --- [    Test worker] o.s.t.web.servlet.TestDispatcherServlet  : Completed initialization in 0 ms
2023-01-26 18:43:26.117  INFO 64075 --- [    Test worker] c.c.d.d.controller.CountriesController   : [FLO] /updateCountry is called

MockHttpServletRequest:
      HTTP Method = PUT
      Request URI = /updateCountry
       Parameters = {}
          Headers = [Content-Type:"application/json;charset=UTF-8", Content-Length:"56"]
             Body = {"id":1,"countryName":"Cambodia","capital":"Phnom Penh"}
    Session Attrs = {}

Handler:
             Type = com.countries.database.demo.controller.CountriesController
           Method = com.countries.database.demo.controller.CountriesController#updateCountry(Country)

Async:
    Async started = false
     Async result = null

Resolved Exception:
             Type = null

ModelAndView:
        View name = null
             View = null
            Model = null

FlashMap:
       Attributes = null

MockHttpServletResponse:
           Status = 200
    Error message = null
          Headers = [Content-Type:"application/json"]
     Content type = application/json
             Body = {"id":1,"countryName":"Cambodia","capital":"Phnom Penh"}
    Forwarded URL = null
   Redirected URL = null
          Cookies = []
2023-01-26 18:43:26.145  INFO 64075 --- [    Test worker] o.s.mock.web.MockServletContext          : Initializing Spring TestDispatcherServlet ''
2023-01-26 18:43:26.145  INFO 64075 --- [    Test worker] o.s.t.web.servlet.TestDispatcherServlet  : Initializing Servlet ''
2023-01-26 18:43:26.145  INFO 64075 --- [    Test worker] o.s.t.web.servlet.TestDispatcherServlet  : Completed initialization in 0 ms
2023-01-26 18:43:26.247  INFO 64075 --- [    Test worker] c.c.d.d.controller.CountriesController   : [FLO] /getCountries/countryName is called

MockHttpServletRequest:
      HTTP Method = GET
      Request URI = /v0/getCountries/countryName
       Parameters = {name=[eOMtThyhVNLWUZNRcBaQKxI]}
          Headers = []
             Body = <no character encoding set>
    Session Attrs = {}

Handler:
             Type = com.countries.database.demo.controller.CountriesController
           Method = com.countries.database.demo.controller.CountriesController#getCountriesWithName(String)

Async:
    Async started = false
     Async result = null

Resolved Exception:
             Type = null

ModelAndView:
        View name = null
             View = null
            Model = null

FlashMap:
       Attributes = null

MockHttpServletResponse:
           Status = 409
    Error message = null
          Headers = []
     Content type = null
             Body = 
    Forwarded URL = null
   Redirected URL = null
          Cookies = []
2023-01-26 18:43:26.382  INFO 64075 --- [    Test worker] o.s.mock.web.MockServletContext          : Initializing Spring TestDispatcherServlet ''
2023-01-26 18:43:26.383  INFO 64075 --- [    Test worker] o.s.t.web.servlet.TestDispatcherServlet  : Initializing Servlet ''
2023-01-26 18:43:26.385  INFO 64075 --- [    Test worker] o.s.t.web.servlet.TestDispatcherServlet  : Completed initialization in 0 ms
2023-01-26 18:43:26.395  INFO 64075 --- [    Test worker] c.c.d.d.controller.CountriesController   : [FLO] /getCountries is called
2023-01-26 18:43:26.402  INFO 64075 --- [    Test worker] c.c.d.d.controller.CountriesController   : [FLO] response length is: 0
2023-01-26 18:43:26.403  INFO 64075 --- [    Test worker] c.c.d.d.controller.CountriesController   : [FLO] exception message is: com.countries.database.demo.exception.EmptyTableException: Data doesn't exist in table!!!

MockHttpServletRequest:
      HTTP Method = GET
      Request URI = /v0/getCountries
       Parameters = {}
          Headers = []
             Body = <no character encoding set>
    Session Attrs = {}

Handler:
             Type = com.countries.database.demo.controller.CountriesController
           Method = com.countries.database.demo.controller.CountriesController#getCountries()

Async:
    Async started = false
     Async result = null

Resolved Exception:
             Type = null

ModelAndView:
        View name = null
             View = null
            Model = null

FlashMap:
       Attributes = null

MockHttpServletResponse:
           Status = 204
    Error message = null
          Headers = []
     Content type = null
             Body = 
    Forwarded URL = null
   Redirected URL = null
          Cookies = []
2023-01-26 18:43:26.451  INFO 64075 --- [    Test worker] o.s.mock.web.MockServletContext          : Initializing Spring TestDispatcherServlet ''
2023-01-26 18:43:26.451  INFO 64075 --- [    Test worker] o.s.t.web.servlet.TestDispatcherServlet  : Initializing Servlet ''
2023-01-26 18:43:26.451  INFO 64075 --- [    Test worker] o.s.t.web.servlet.TestDispatcherServlet  : Completed initialization in 0 ms
2023-01-26 18:43:26.454  INFO 64075 --- [    Test worker] c.c.d.d.controller.CountriesController   : [FLO] /getCountries is called
2023-01-26 18:43:26.455  INFO 64075 --- [    Test worker] c.c.d.d.controller.CountriesController   : [FLO] exception message is: org.springframework.transaction.CannotCreateTransactionException: 

MockHttpServletRequest:
      HTTP Method = GET
      Request URI = /v0/getCountries
       Parameters = {}
          Headers = []
             Body = <no character encoding set>
    Session Attrs = {}

Handler:
             Type = com.countries.database.demo.controller.CountriesController
           Method = com.countries.database.demo.controller.CountriesController#getCountries()

Async:
    Async started = false
     Async result = null

Resolved Exception:
             Type = null

ModelAndView:
        View name = null
             View = null
            Model = null

FlashMap:
       Attributes = null

MockHttpServletResponse:
           Status = 417
    Error message = null
          Headers = []
     Content type = null
             Body = 
    Forwarded URL = null
   Redirected URL = null
          Cookies = []
2023-01-26 18:43:26.524  INFO 64075 --- [    Test worker] o.s.mock.web.MockServletContext          : Initializing Spring TestDispatcherServlet ''
2023-01-26 18:43:26.526  INFO 64075 --- [    Test worker] o.s.t.web.servlet.TestDispatcherServlet  : Initializing Servlet ''
2023-01-26 18:43:26.528  INFO 64075 --- [    Test worker] o.s.t.web.servlet.TestDispatcherServlet  : Completed initialization in 0 ms
2023-01-26 18:43:26.554  INFO 64075 --- [    Test worker] c.c.d.d.controller.CountriesController   : [FLO] /getCountries is called
2023-01-26 18:43:26.557  INFO 64075 --- [    Test worker] c.c.d.d.controller.CountriesController   : [FLO] response length is: 2

MockHttpServletRequest:
      HTTP Method = GET
      Request URI = /v0/getCountries
       Parameters = {}
          Headers = []
             Body = <no character encoding set>
    Session Attrs = {}

Handler:
             Type = com.countries.database.demo.controller.CountriesController
           Method = com.countries.database.demo.controller.CountriesController#getCountries()

Async:
    Async started = false
     Async result = null

Resolved Exception:
             Type = null

ModelAndView:
        View name = null
             View = null
            Model = null

FlashMap:
       Attributes = null

MockHttpServletResponse:
           Status = 200
    Error message = null
          Headers = [Content-Type:"application/json"]
     Content type = application/json
             Body = [{"id":1,"countryName":"India","capital":"New Delhi"},{"id":2,"countryName":"Myanmar","capital":"Naypyidaw"}]
    Forwarded URL = null
   Redirected URL = null
          Cookies = []
2023-01-26 18:43:26.653  INFO 64075 --- [    Test worker] o.s.mock.web.MockServletContext          : Initializing Spring TestDispatcherServlet ''
2023-01-26 18:43:26.653  INFO 64075 --- [    Test worker] o.s.t.web.servlet.TestDispatcherServlet  : Initializing Servlet ''
2023-01-26 18:43:26.653  INFO 64075 --- [    Test worker] o.s.t.web.servlet.TestDispatcherServlet  : Completed initialization in 0 ms
2023-01-26 18:43:26.658  INFO 64075 --- [    Test worker] c.c.d.d.controller.CountriesController   : [FLO] /getCountries is called
2023-01-26 18:43:26.660  INFO 64075 --- [    Test worker] c.c.d.d.controller.CountriesController   : [FLO] exception message is: org.springframework.dao.InvalidDataAccessResourceUsageException: 

MockHttpServletRequest:
      HTTP Method = GET
      Request URI = /v0/getCountries
       Parameters = {}
          Headers = []
             Body = <no character encoding set>
    Session Attrs = {}

Handler:
             Type = com.countries.database.demo.controller.CountriesController
           Method = com.countries.database.demo.controller.CountriesController#getCountries()

Async:
    Async started = false
     Async result = null

Resolved Exception:
             Type = null

ModelAndView:
        View name = null
             View = null
            Model = null

FlashMap:
       Attributes = null

MockHttpServletResponse:
           Status = 410
    Error message = null
          Headers = []
     Content type = null
             Body = 
    Forwarded URL = null
   Redirected URL = null
          Cookies = []
2023-01-26 18:43:26.722  INFO 64075 --- [    Test worker] o.s.mock.web.MockServletContext          : Initializing Spring TestDispatcherServlet ''
2023-01-26 18:43:26.723  INFO 64075 --- [    Test worker] o.s.t.web.servlet.TestDispatcherServlet  : Initializing Servlet ''
2023-01-26 18:43:26.724  INFO 64075 --- [    Test worker] o.s.t.web.servlet.TestDispatcherServlet  : Completed initialization in 0 ms
2023-01-26 18:43:26.780  INFO 64075 --- [    Test worker] c.c.d.d.controller.CountriesController   : [FLO] /addCountry is called

MockHttpServletRequest:
      HTTP Method = POST
      Request URI = /addCountry
       Parameters = {}
          Headers = [Content-Type:"application/json;charset=UTF-8", Content-Length:"102"]
             Body = {"id":-1188957731,"countryName":"eOMtThyhVNLWUZNRcBaQKxI","capital":"yedUsFwdkelQbxeTeQOvaScfqIOOmaa"}
    Session Attrs = {}

Handler:
             Type = com.countries.database.demo.controller.CountriesController
           Method = com.countries.database.demo.controller.CountriesController#addCountry(Country)

Async:
    Async started = false
     Async result = null

Resolved Exception:
             Type = null

ModelAndView:
        View name = null
             View = null
            Model = null

FlashMap:
       Attributes = null

MockHttpServletResponse:
           Status = 409
    Error message = null
          Headers = []
     Content type = null
             Body = 
    Forwarded URL = null
   Redirected URL = null
          Cookies = []
2023-01-26 18:43:26.839  INFO 64075 --- [    Test worker] o.s.mock.web.MockServletContext          : Initializing Spring TestDispatcherServlet ''
2023-01-26 18:43:26.840  INFO 64075 --- [    Test worker] o.s.t.web.servlet.TestDispatcherServlet  : Initializing Servlet ''
2023-01-26 18:43:26.846  INFO 64075 --- [    Test worker] o.s.t.web.servlet.TestDispatcherServlet  : Completed initialization in 1 ms
2023-01-26 18:43:26.869  INFO 64075 --- [    Test worker] c.c.d.d.controller.CountriesController   : [FLO] /getCountries/{countryId} is called

MockHttpServletRequest:
      HTTP Method = GET
      Request URI = /v0/getCountries/-1188957731
       Parameters = {}
          Headers = []
             Body = <no character encoding set>
    Session Attrs = {}

Handler:
             Type = com.countries.database.demo.controller.CountriesController
           Method = com.countries.database.demo.controller.CountriesController#getCountriesWithId(Integer)

Async:
    Async started = false
     Async result = null

Resolved Exception:
             Type = null

ModelAndView:
        View name = null
             View = null
            Model = null

FlashMap:
       Attributes = null

MockHttpServletResponse:
           Status = 409
    Error message = null
          Headers = []
     Content type = null
             Body = 
    Forwarded URL = null
   Redirected URL = null
          Cookies = []
2023-01-26 18:43:26.929  INFO 64075 --- [    Test worker] o.s.mock.web.MockServletContext          : Initializing Spring TestDispatcherServlet ''
2023-01-26 18:43:26.930  INFO 64075 --- [    Test worker] o.s.t.web.servlet.TestDispatcherServlet  : Initializing Servlet ''
2023-01-26 18:43:26.930  INFO 64075 --- [    Test worker] o.s.t.web.servlet.TestDispatcherServlet  : Completed initialization in 0 ms
2023-01-26 18:43:26.942  INFO 64075 --- [    Test worker] c.c.d.d.controller.CountriesController   : [FLO] /getCountries/{countryId} is called

MockHttpServletRequest:
      HTTP Method = GET
      Request URI = /v0/getCountries/1
       Parameters = {}
          Headers = []
             Body = <no character encoding set>
    Session Attrs = {}

Handler:
             Type = com.countries.database.demo.controller.CountriesController
           Method = com.countries.database.demo.controller.CountriesController#getCountriesWithId(Integer)

Async:
    Async started = false
     Async result = null

Resolved Exception:
             Type = null

ModelAndView:
        View name = null
             View = null
            Model = null

FlashMap:
       Attributes = null

MockHttpServletResponse:
           Status = 200
    Error message = null
          Headers = [Content-Type:"application/json"]
     Content type = application/json
             Body = {"id":1,"countryName":"Laos","capital":"Vientiane"}
    Forwarded URL = null
   Redirected URL = null
          Cookies = []
2023-01-26 18:43:27.000  INFO 64075 --- [    Test worker] o.s.mock.web.MockServletContext          : Initializing Spring TestDispatcherServlet ''
2023-01-26 18:43:27.001  INFO 64075 --- [    Test worker] o.s.t.web.servlet.TestDispatcherServlet  : Initializing Servlet ''
2023-01-26 18:43:27.001  INFO 64075 --- [    Test worker] o.s.t.web.servlet.TestDispatcherServlet  : Completed initialization in 0 ms
2023-01-26 18:43:27.021  INFO 64075 --- [    Test worker] c.c.d.d.controller.CountriesController   : [FLO] /updateCountry is called

MockHttpServletRequest:
      HTTP Method = PUT
      Request URI = /updateCountry
       Parameters = {}
          Headers = [Content-Type:"application/json;charset=UTF-8", Content-Length:"102"]
             Body = {"id":-1188957731,"countryName":"eOMtThyhVNLWUZNRcBaQKxI","capital":"yedUsFwdkelQbxeTeQOvaScfqIOOmaa"}
    Session Attrs = {}

Handler:
             Type = com.countries.database.demo.controller.CountriesController
           Method = com.countries.database.demo.controller.CountriesController#updateCountry(Country)

Async:
    Async started = false
     Async result = null

Resolved Exception:
             Type = null

ModelAndView:
        View name = null
             View = null
            Model = null

FlashMap:
       Attributes = null

MockHttpServletResponse:
           Status = 409
    Error message = null
          Headers = []
     Content type = null
             Body = 
    Forwarded URL = null
   Redirected URL = null
          Cookies = []
]]></system-out>
  <system-err><![CDATA[]]></system-err>
</testsuite>
