<?xml version="1.0" encoding="UTF-8"?>
<testsuite name="com.example.demo.TestMockitoCountryService" tests="7" skipped="0" failures="0" errors="0" timestamp="2023-01-26T11:43:28" hostname="MacBook-Pro.localdomain" time="0.107">
  <properties/>
  <testcase name="getCountriesWithNameWithCountryNotExistDataExistTblExistDbExist_WillCallRepositoryFindAllAndReturnAllCountries()" classname="com.example.demo.TestMockitoCountryService" time="0.009"/>
  <testcase name="deleteCountryWithCountryExistDataExistTblExistDbExist_WillCallRepositoryFindAllAndReturnAllCountries()" classname="com.example.demo.TestMockitoCountryService" time="0.011"/>
  <testcase name="getCountriesWithDataExistTblExistDbExist_WillCallRepositoryFindAllAndReturnAllCountries()" classname="com.example.demo.TestMockitoCountryService" time="0.003"/>
  <testcase name="getCountriesWithNameWithCountryExistDataExistTblExistDbExist_WillCallRepositoryFindAllAndReturnAllCountries()" classname="com.example.demo.TestMockitoCountryService" time="0.006"/>
  <testcase name="addCountryWithCountryNotExistDataExistTblExistDbExist_WillCallRepositoryFindAllAndReturnAllCountries()" classname="com.example.demo.TestMockitoCountryService" time="0.052"/>
  <testcase name="getCountriesWithIdWithDataExistTblExistDbExist_WillCallRepositoryFindAllAndReturnAllCountries()" classname="com.example.demo.TestMockitoCountryService" time="0.003"/>
  <testcase name="updateCountryWithCountryExistDataExistTblExistDbExist_WillCallRepositoryFindAllAndReturnAllCountries()" classname="com.example.demo.TestMockitoCountryService" time="0.004"/>
  <system-out><![CDATA[?[2m2023-01-26 18:43:28.181?[0;39m ?[32m INFO?[0;39m ?[35m64075?[0;39m ?[2m---?[0;39m ?[2m[    Test worker]?[0;39m ?[36m.b.t.c.SpringBootTestContextBootstrapper?[0;39m ?[2m:?[0;39m Neither @ContextConfiguration nor @ContextHierarchy found for test class [com.example.demo.TestMockitoCountryService], using SpringBootContextLoader
?[2m2023-01-26 18:43:28.184?[0;39m ?[32m INFO?[0;39m ?[35m64075?[0;39m ?[2m---?[0;39m ?[2m[    Test worker]?[0;39m ?[36mo.s.t.c.support.AbstractContextLoader   ?[0;39m ?[2m:?[0;39m Could not detect default resource locations for test class [com.example.demo.TestMockitoCountryService]: no resource found for suffixes {-context.xml, Context.groovy}.
?[2m2023-01-26 18:43:28.200?[0;39m ?[32m INFO?[0;39m ?[35m64075?[0;39m ?[2m---?[0;39m ?[2m[    Test worker]?[0;39m ?[36m.b.t.c.SpringBootTestContextBootstrapper?[0;39m ?[2m:?[0;39m Loaded default TestExecutionListener class names from location [META-INF/spring.factories]: [org.springframework.boot.test.autoconfigure.restdocs.RestDocsTestExecutionListener, org.springframework.boot.test.autoconfigure.web.client.MockRestServiceServerResetTestExecutionListener, org.springframework.boot.test.autoconfigure.web.servlet.MockMvcPrintOnlyOnFailureTestExecutionListener, org.springframework.boot.test.autoconfigure.web.servlet.WebDriverTestExecutionListener, org.springframework.boot.test.autoconfigure.webservices.client.MockWebServiceServerTestExecutionListener, org.springframework.boot.test.mock.mockito.MockitoTestExecutionListener, org.springframework.boot.test.mock.mockito.ResetMocksTestExecutionListener, org.springframework.test.context.web.ServletTestExecutionListener, org.springframework.test.context.support.DirtiesContextBeforeModesTestExecutionListener, org.springframework.test.context.event.ApplicationEventsTestExecutionListener, org.springframework.test.context.support.DependencyInjectionTestExecutionListener, org.springframework.test.context.support.DirtiesContextTestExecutionListener, org.springframework.test.context.transaction.TransactionalTestExecutionListener, org.springframework.test.context.jdbc.SqlScriptsTestExecutionListener, org.springframework.test.context.event.EventPublishingTestExecutionListener]
?[2m2023-01-26 18:43:28.200?[0;39m ?[32m INFO?[0;39m ?[35m64075?[0;39m ?[2m---?[0;39m ?[2m[    Test worker]?[0;39m ?[36m.b.t.c.SpringBootTestContextBootstrapper?[0;39m ?[2m:?[0;39m Using TestExecutionListeners: [org.springframework.test.context.web.ServletTestExecutionListener@4386305c, org.springframework.test.context.support.DirtiesContextBeforeModesTestExecutionListener@2b5509e2, org.springframework.test.context.event.ApplicationEventsTestExecutionListener@1fe79413, org.springframework.boot.test.mock.mockito.MockitoTestExecutionListener@4910f85c, org.springframework.boot.test.autoconfigure.SpringBootDependencyInjectionTestExecutionListener@3b6635f2, org.springframework.test.context.support.DirtiesContextTestExecutionListener@38ff2165, org.springframework.test.context.transaction.TransactionalTestExecutionListener@1b1b6d65, org.springframework.test.context.jdbc.SqlScriptsTestExecutionListener@5587b442, org.springframework.test.context.event.EventPublishingTestExecutionListener@5fc4c2a5, org.springframework.boot.test.autoconfigure.restdocs.RestDocsTestExecutionListener@1ef13431, org.springframework.boot.test.autoconfigure.web.client.MockRestServiceServerResetTestExecutionListener@5ec112cf, org.springframework.boot.test.autoconfigure.web.servlet.MockMvcPrintOnlyOnFailureTestExecutionListener@360c88f1, org.springframework.boot.test.autoconfigure.web.servlet.WebDriverTestExecutionListener@4fa4b57f, org.springframework.boot.test.autoconfigure.webservices.client.MockWebServiceServerTestExecutionListener@58e35006, org.springframework.boot.test.mock.mockito.ResetMocksTestExecutionListener@e6266bf]

  .   ____          _            __ _ _
 /\\ / ___'_ __ _ _(_)_ __  __ _ \ \ \ \
( ( )\___ | '_ | '_| | '_ \/ _` | \ \ \ \
 \\/  ___)| |_)| | | | | || (_| |  ) ) ) )
  '  |____| .__|_| |_|_| |_\__, | / / / /
 =========|_|==============|___/=/_/_/_/
?[32m :: Spring Boot :: ?[39m              ?[2m (v2.7.3)?[0;39m

?[2m2023-01-26 18:43:28.292?[0;39m ?[32m INFO?[0;39m ?[35m64075?[0;39m ?[2m---?[0;39m ?[2m[    Test worker]?[0;39m ?[36mc.e.demo.TestMockitoCountryService      ?[0;39m ?[2m:?[0;39m Starting TestMockitoCountryService using Java 11.0.16 on Florentins-MacBook-Pro.local with PID 64075 (started by florentin.ap in /Users/florentin.ap/Documents/flo_learns_java/demo-springboot-database-v2)
?[2m2023-01-26 18:43:28.294?[0;39m ?[32m INFO?[0;39m ?[35m64075?[0;39m ?[2m---?[0;39m ?[2m[    Test worker]?[0;39m ?[36mc.e.demo.TestMockitoCountryService      ?[0;39m ?[2m:?[0;39m The following 1 profile is active: "dev"
?[2m2023-01-26 18:43:28.332?[0;39m ?[32m INFO?[0;39m ?[35m64075?[0;39m ?[2m---?[0;39m ?[2m[    Test worker]?[0;39m ?[36mc.e.demo.TestMockitoCountryService      ?[0;39m ?[2m:?[0;39m Started TestMockitoCountryService in 0.129 seconds (JVM running for 8.556)
?[2m2023-01-26 18:43:28.820?[0;39m ?[32m INFO?[0;39m ?[35m64075?[0;39m ?[2m---?[0;39m ?[2m[    Test worker]?[0;39m ?[36mc.c.d.demo.service.CountryService       ?[0;39m ?[2m:?[0;39m [FLO] REPOSITORY SIZE IS: 1
?[2m2023-01-26 18:43:28.821?[0;39m ?[32m INFO?[0;39m ?[35m64075?[0;39m ?[2m---?[0;39m ?[2m[    Test worker]?[0;39m ?[36mc.c.d.demo.service.CountryService       ?[0;39m ?[2m:?[0;39m [FLO] newId IS: 2
?[2m2023-01-26 18:43:28.844?[0;39m ?[32m INFO?[0;39m ?[35m64075?[0;39m ?[2m---?[0;39m ?[2m[    Test worker]?[0;39m ?[36mc.c.d.demo.service.CountryService       ?[0;39m ?[2m:?[0;39m [FLO] newly added country is: 2USWashington
?[2m2023-01-26 18:43:28.846?[0;39m ?[32m INFO?[0;39m ?[35m64075?[0;39m ?[2m---?[0;39m ?[2m[    Test worker]?[0;39m ?[36mc.c.d.demo.service.CountryService       ?[0;39m ?[2m:?[0;39m [FLO] newly added country in repository is: com.countries.database.demo.entity.Country@1403e3f6
]]></system-out>
  <system-err><![CDATA[]]></system-err>
</testsuite>
